Arguments: 
  C:\Program Files\nodejs\node.exe C:\Users\lenovo\AppData\Roaming\npm\node_modules\yarn\bin\yarn.js add merge-descriptors

PATH: 
  E:\javaLearn\jdk11;\bin;C:\Program Files (x86)\Common Files\Oracle\Java\javapath;"C:\Windows\Microsoft.NET\Framework\v4.0.30319;E:\javaLearn\jdk11;\bin";C:\WINDOWS\system32;C:\WINDOWS;C:\WINDOWS\System32\Wbem;C:\WINDOWS\System32\WindowsPowerShell\v1.0\;E:\新建文件夹 (3)\Windows Performance Toolkit\;Prog;am Files (x86)\GtkSharp\2.12\bin;C:\Program Files\Microsoft SQL Server\110\Tools\Binn\;C:\WINDOWS\System32\OpenSSH\;C:\Program Files\IDM Computer Solutions\UltraEdit;E:\ULTRAEDIT;E:\javaLearn\jdk11;\jre\bin;C:\Program Files\nodejs\;E:\javaLearn\apache-tomcat-9.0.24\bin;E:\javaLearn\jdk11\bin;E:\javaLearn\mysql-5.7.27-winx64\bin;C:\Program Files\Microsoft SQL Server\Client SDK\ODBC\130\Tools\Binn\;C:\Program Files (x86)\Microsoft SQL Server\140\Tools\Binn\;C:\Program Files\Microsoft SQL Server\140\Tools\Binn\;C:\Program Files\Microsoft SQL Server\140\DTS\Binn\;C:\Program Files (x86)\Microsoft SQL Server\150\DTS\Binn\;C:\Program Files\Microsoft\Web Platform Installer\;C:\Program Files\MongoDB\Server\4.2\bin;C:\Program Files (x86)\dotnet\;C:\Program Files\nodejs;E:\GameDownload\python\Scripts\;E:\GameDownload\python\;E:\scoopDownloading\shims;C:\Users\lenovo\scoop\shims;f:\新建文件夹 (5)\bin;F:\新建文件夹 (4)\Tools\WinNT;F:\新建文件夹 (4)\MSDev98\Bin;F:\新建文件夹 (4)\Tools;F:\VC98\bin;C:\Users\lenovo\AppData\Local\Microsoft\WindowsApps;E:\BaiduNetdiskDownload\vscode\bin;C:\Users\lenovo\AppData\Roaming\npm;E:\360Downloads\Microsoft VS Code\bin;E:\GameDownload\pycharm\PyCharm Community Edition 2020.1.2\bin

Yarn version: 
  1.17.3

Node version: 
  10.15.3

Platform: 
  win32 x64

Trace: 
  Error: ENOENT: no such file or directory, copyfile 'C:\Users\lenovo\AppData\Local\Yarn\Cache\v4\npm-ms-2.1.2-d09d1f357b443f493382a8eb3ccd183872ae6009\node_modules\ms\license.md' -> 'E:\aWork\schoolNoWeb\school_hd\node_modules\nodemon\node_modules\ms\license.md'

npm manifest: 
  {
    "scripts": {
      "build": "tsc",
      "dev": "ts-node-dev --respawn --transpileOnly ./src/server.ts",
      "restart": "rimraf dist && npm run build && npm start",
      "start": "node ./dist/server.js",
      "prod": "npm run build && npm run start"
    },
    "dependencies": {
      "@types/express": "^4.17.7",
      "@types/node": "^14.0.18",
      "body-parser": "^1.19.0",
      "cookie-parser": "^1.4.5",
      "express": "^4.17.1",
      "multer": "^1.4.2",
      "mysql2": "^2.1.0",
      "nodemon": "^2.0.4",
      "rimraf": "^3.0.2",
      "ts-node": "^8.10.2",
      "typescript": "^3.9.6"
    }
  }

yarn manifest: 
  No manifest

Lockfile: 
  No lockfile
